-------------------------------------------------------------------------------
Test set: com.test.restcontroller.BookControllerTest
-------------------------------------------------------------------------------
Tests run: 1, Failures: 0, Errors: 1, Skipped: 0, Time elapsed: 0.033 s <<< FAILURE! - in com.test.restcontroller.BookControllerTest
initializationError  Time elapsed: 0.021 s  <<< ERROR!
java.lang.Exception: No runnable methods

